[INFO] Scanning for projects...
[INFO] 
[INFO] --------------------< com.hoanghuy04:user-service >---------------------
[INFO] Building  0.0.1-SNAPSHOT
[INFO]   from pom.xml
[INFO] --------------------------------[ jar ]---------------------------------
[INFO] 
[INFO] --- resources:3.3.1:resources (default-resources) @ user-service ---
[INFO] Copying 1 resource from src\main\resources to target\classes
[INFO] Copying 0 resource from src\main\resources to target\classes
[INFO] 
[INFO] --- compiler:3.14.1:compile (default-compile) @ user-service ---
[INFO] Recompiling the module because of changed source code.
[INFO] Compiling 16 source files with javac [debug parameters release 21] to target\classes
[INFO] /D:/HK2_Nam4/CNM/user-service/src/main/java/com/hoanghuy04/user_service/security/SecurityConfig.java: D:\HK2_Nam4\CNM\user-service\src\main\java\com\hoanghuy04\user_service\security\SecurityConfig.java uses or overrides a deprecated API.
[INFO] /D:/HK2_Nam4/CNM/user-service/src/main/java/com/hoanghuy04/user_service/security/SecurityConfig.java: Recompile with -Xlint:deprecation for details.
[INFO] -------------------------------------------------------------
[ERROR] COMPILATION ERROR : 
[INFO] -------------------------------------------------------------
[ERROR] /D:/HK2_Nam4/CNM/user-service/src/main/java/com/hoanghuy04/user_service/controller/UserController.java:[19,31] variable userService not initialized in the default constructor
[ERROR] /D:/HK2_Nam4/CNM/user-service/src/main/java/com/hoanghuy04/user_service/security/CustomUserDetails.java:[21,65] cannot find symbol
  symbol:   method getRole()
  location: variable user of type com.hoanghuy04.user_service.entity.User
[ERROR] /D:/HK2_Nam4/CNM/user-service/src/main/java/com/hoanghuy04/user_service/security/CustomUserDetails.java:[26,20] cannot find symbol
  symbol:   method getPassword()
  location: variable user of type com.hoanghuy04.user_service.entity.User
[ERROR] /D:/HK2_Nam4/CNM/user-service/src/main/java/com/hoanghuy04/user_service/security/CustomUserDetails.java:[31,20] cannot find symbol
  symbol:   method getUsername()
  location: variable user of type com.hoanghuy04.user_service.entity.User
[ERROR] /D:/HK2_Nam4/CNM/user-service/src/main/java/com/hoanghuy04/user_service/service/UserServiceImpl.java:[32,52] cannot find symbol
  symbol:   method getUsername()
  location: variable request of type com.hoanghuy04.user_service.dto.RegisterRequest
[ERROR] /D:/HK2_Nam4/CNM/user-service/src/main/java/com/hoanghuy04/user_service/service/UserServiceImpl.java:[36,25] cannot find symbol
  symbol:   method builder()
  location: class com.hoanghuy04.user_service.entity.User
[ERROR] /D:/HK2_Nam4/CNM/user-service/src/main/java/com/hoanghuy04/user_service/service/UserServiceImpl.java:[37,34] cannot find symbol
  symbol:   method getUsername()
  location: variable request of type com.hoanghuy04.user_service.dto.RegisterRequest
[ERROR] /D:/HK2_Nam4/CNM/user-service/src/main/java/com/hoanghuy04/user_service/service/UserServiceImpl.java:[38,57] cannot find symbol
  symbol:   method getPassword()
  location: variable request of type com.hoanghuy04.user_service.dto.RegisterRequest
[ERROR] /D:/HK2_Nam4/CNM/user-service/src/main/java/com/hoanghuy04/user_service/service/UserServiceImpl.java:[44,16] constructor AuthResponse in class com.hoanghuy04.user_service.dto.AuthResponse cannot be applied to given types;
  required: no arguments
  found:    java.lang.String
  reason: actual and formal argument lists differ in length
[ERROR] /D:/HK2_Nam4/CNM/user-service/src/main/java/com/hoanghuy04/user_service/service/UserServiceImpl.java:[51,32] cannot find symbol
  symbol:   method getUsername()
  location: variable request of type com.hoanghuy04.user_service.dto.LoginRequest
[ERROR] /D:/HK2_Nam4/CNM/user-service/src/main/java/com/hoanghuy04/user_service/service/UserServiceImpl.java:[52,32] cannot find symbol
  symbol:   method getPassword()
  location: variable request of type com.hoanghuy04.user_service.dto.LoginRequest
[ERROR] /D:/HK2_Nam4/CNM/user-service/src/main/java/com/hoanghuy04/user_service/service/UserServiceImpl.java:[55,58] cannot find symbol
  symbol:   method getUsername()
  location: variable request of type com.hoanghuy04.user_service.dto.LoginRequest
[ERROR] /D:/HK2_Nam4/CNM/user-service/src/main/java/com/hoanghuy04/user_service/service/UserServiceImpl.java:[58,16] constructor AuthResponse in class com.hoanghuy04.user_service.dto.AuthResponse cannot be applied to given types;
  required: no arguments
  found:    java.lang.String
  reason: actual and formal argument lists differ in length
[ERROR] /D:/HK2_Nam4/CNM/user-service/src/main/java/com/hoanghuy04/user_service/service/UserServiceImpl.java:[64,42] cannot find symbol
  symbol:   method builder()
  location: class com.hoanghuy04.user_service.dto.UserResponse
[ERROR] /D:/HK2_Nam4/CNM/user-service/src/main/java/com/hoanghuy04/user_service/service/UserServiceImpl.java:[65,33] cannot find symbol
  symbol:   method getId()
  location: variable user of type com.hoanghuy04.user_service.entity.User
[ERROR] /D:/HK2_Nam4/CNM/user-service/src/main/java/com/hoanghuy04/user_service/service/UserServiceImpl.java:[66,39] cannot find symbol
  symbol:   method getUsername()
  location: variable user of type com.hoanghuy04.user_service.entity.User
[ERROR] /D:/HK2_Nam4/CNM/user-service/src/main/java/com/hoanghuy04/user_service/service/UserServiceImpl.java:[67,35] cannot find symbol
  symbol:   method getRole()
  location: variable user of type com.hoanghuy04.user_service.entity.User
[ERROR] /D:/HK2_Nam4/CNM/user-service/src/main/java/com/hoanghuy04/user_service/service/UserServiceImpl.java:[69,25] incompatible types: inference variable T has incompatible bounds
    equality constraints: com.hoanghuy04.user_service.dto.UserResponse
    lower bounds: java.lang.Object
[INFO] 18 errors 
[INFO] -------------------------------------------------------------
[INFO] ------------------------------------------------------------------------
[INFO] BUILD FAILURE
[INFO] ------------------------------------------------------------------------
[INFO] Total time:  2.689 s
[INFO] Finished at: 2026-04-06T18:50:00+07:00
[INFO] ------------------------------------------------------------------------
[ERROR] Failed to execute goal org.apache.maven.plugins:maven-compiler-plugin:3.14.1:compile (default-compile) on project user-service: Compilation failure: Compilation failure: 
[ERROR] /D:/HK2_Nam4/CNM/user-service/src/main/java/com/hoanghuy04/user_service/controller/UserController.java:[19,31] variable userService not initialized in the default constructor
[ERROR] /D:/HK2_Nam4/CNM/user-service/src/main/java/com/hoanghuy04/user_service/security/CustomUserDetails.java:[21,65] cannot find symbol
[ERROR]   symbol:   method getRole()
[ERROR]   location: variable user of type com.hoanghuy04.user_service.entity.User
[ERROR] /D:/HK2_Nam4/CNM/user-service/src/main/java/com/hoanghuy04/user_service/security/CustomUserDetails.java:[26,20] cannot find symbol
[ERROR]   symbol:   method getPassword()
[ERROR]   location: variable user of type com.hoanghuy04.user_service.entity.User
[ERROR] /D:/HK2_Nam4/CNM/user-service/src/main/java/com/hoanghuy04/user_service/security/CustomUserDetails.java:[31,20] cannot find symbol
[ERROR]   symbol:   method getUsername()
[ERROR]   location: variable user of type com.hoanghuy04.user_service.entity.User
[ERROR] /D:/HK2_Nam4/CNM/user-service/src/main/java/com/hoanghuy04/user_service/service/UserServiceImpl.java:[32,52] cannot find symbol
[ERROR]   symbol:   method getUsername()
[ERROR]   location: variable request of type com.hoanghuy04.user_service.dto.RegisterRequest
[ERROR] /D:/HK2_Nam4/CNM/user-service/src/main/java/com/hoanghuy04/user_service/service/UserServiceImpl.java:[36,25] cannot find symbol
[ERROR]   symbol:   method builder()
[ERROR]   location: class com.hoanghuy04.user_service.entity.User
[ERROR] /D:/HK2_Nam4/CNM/user-service/src/main/java/com/hoanghuy04/user_service/service/UserServiceImpl.java:[37,34] cannot find symbol
[ERROR]   symbol:   method getUsername()
[ERROR]   location: variable request of type com.hoanghuy04.user_service.dto.RegisterRequest
[ERROR] /D:/HK2_Nam4/CNM/user-service/src/main/java/com/hoanghuy04/user_service/service/UserServiceImpl.java:[38,57] cannot find symbol
[ERROR]   symbol:   method getPassword()
[ERROR]   location: variable request of type com.hoanghuy04.user_service.dto.RegisterRequest
[ERROR] /D:/HK2_Nam4/CNM/user-service/src/main/java/com/hoanghuy04/user_service/service/UserServiceImpl.java:[44,16] constructor AuthResponse in class com.hoanghuy04.user_service.dto.AuthResponse cannot be applied to given types;
[ERROR]   required: no arguments
[ERROR]   found:    java.lang.String
[ERROR]   reason: actual and formal argument lists differ in length
[ERROR] /D:/HK2_Nam4/CNM/user-service/src/main/java/com/hoanghuy04/user_service/service/UserServiceImpl.java:[51,32] cannot find symbol
[ERROR]   symbol:   method getUsername()
[ERROR]   location: variable request of type com.hoanghuy04.user_service.dto.LoginRequest
[ERROR] /D:/HK2_Nam4/CNM/user-service/src/main/java/com/hoanghuy04/user_service/service/UserServiceImpl.java:[52,32] cannot find symbol
[ERROR]   symbol:   method getPassword()
[ERROR]   location: variable request of type com.hoanghuy04.user_service.dto.LoginRequest
[ERROR] /D:/HK2_Nam4/CNM/user-service/src/main/java/com/hoanghuy04/user_service/service/UserServiceImpl.java:[55,58] cannot find symbol
[ERROR]   symbol:   method getUsername()
[ERROR]   location: variable request of type com.hoanghuy04.user_service.dto.LoginRequest
[ERROR] /D:/HK2_Nam4/CNM/user-service/src/main/java/com/hoanghuy04/user_service/service/UserServiceImpl.java:[58,16] constructor AuthResponse in class com.hoanghuy04.user_service.dto.AuthResponse cannot be applied to given types;
[ERROR]   required: no arguments
[ERROR]   found:    java.lang.String
[ERROR]   reason: actual and formal argument lists differ in length
[ERROR] /D:/HK2_Nam4/CNM/user-service/src/main/java/com/hoanghuy04/user_service/service/UserServiceImpl.java:[64,42] cannot find symbol
[ERROR]   symbol:   method builder()
[ERROR]   location: class com.hoanghuy04.user_service.dto.UserResponse
[ERROR] /D:/HK2_Nam4/CNM/user-service/src/main/java/com/hoanghuy04/user_service/service/UserServiceImpl.java:[65,33] cannot find symbol
[ERROR]   symbol:   method getId()
[ERROR]   location: variable user of type com.hoanghuy04.user_service.entity.User
[ERROR] /D:/HK2_Nam4/CNM/user-service/src/main/java/com/hoanghuy04/user_service/service/UserServiceImpl.java:[66,39] cannot find symbol
[ERROR]   symbol:   method getUsername()
[ERROR]   location: variable user of type com.hoanghuy04.user_service.entity.User
[ERROR] /D:/HK2_Nam4/CNM/user-service/src/main/java/com/hoanghuy04/user_service/service/UserServiceImpl.java:[67,35] cannot find symbol
[ERROR]   symbol:   method getRole()
[ERROR]   location: variable user of type com.hoanghuy04.user_service.entity.User
[ERROR] /D:/HK2_Nam4/CNM/user-service/src/main/java/com/hoanghuy04/user_service/service/UserServiceImpl.java:[69,25] incompatible types: inference variable T has incompatible bounds
[ERROR]     equality constraints: com.hoanghuy04.user_service.dto.UserResponse
[ERROR]     lower bounds: java.lang.Object
[ERROR] -> [Help 1]
[ERROR] 
[ERROR] To see the full stack trace of the errors, re-run Maven with the -e switch.
[ERROR] Re-run Maven using the -X switch to enable full debug logging.
[ERROR] 
[ERROR] For more information about the errors and possible solutions, please read the following articles:
[ERROR] [Help 1] http://cwiki.apache.org/confluence/display/MAVEN/MojoFailureException
